<?xml version="1.0" encoding="UTF-8"?>
<!-- Generated by org.testng.reporters.JUnitReportReporter -->
<testsuite hostname="LAPTOP-48NABCVA" failures="0" tests="1" name="testcases.TC_02_Login" time="2.160" errors="0" timestamp="2024-12-05T12:51:06 IST" skipped="0">
  <testcase classname="testcases.TC_02_Login" name="login" time="2.160"/>
</testsuite> <!-- testcases.TC_02_Login -->
